# JRE version: OpenJDK Runtime Environment (8.0_152-b02) (build 1.8.0_152-release-1024-b02)
# Java VM: OpenJDK 64-Bit Server VM (25.152-b02 mixed mode windows-amd64 compressed oops)
Heap:
 PSYoungGen      total 144384K, used 67691K [0x00000000e0000000, 0x00000000ee100000, 0x0000000100000000)
  eden space 131072K, 51% used [0x00000000e0000000,0x00000000e421ac70,0x00000000e8000000)
  from space 13312K, 0% used [0x00000000e8d00000,0x00000000e8d00000,0x00000000e9a00000)
  to   space 13312K, 0% used [0x00000000e8000000,0x00000000e8000000,0x00000000e8d00000)
 ParOldGen       total 110080K, used 14890K [0x00000000a0000000, 0x00000000a6b80000, 0x00000000e0000000)
  object space 110080K, 13% used [0x00000000a0000000,0x00000000a0e8aa40,0x00000000a6b80000)
 Metaspace       used 37976K, capacity 38722K, committed 39000K, reserved 1083392K
  class space    used 5184K, capacity 5398K, committed 5504K, reserved 1048576K
GC Heap History (10 events):
Event: 2.531 GC heap before
{Heap before GC invocations=4 (full 1):
 PSYoungGen      total 76288K, used 8825K [0x00000000e0000000, 0x00000000e9500000, 0x0000000100000000)
  eden space 65536K, 0% used [0x00000000e0000000,0x00000000e0000000,0x00000000e4000000)
  from space 10752K, 82% used [0x00000000e4000000,0x00000000e489e580,0x00000000e4a80000)
  to   space 10752K, 0% used [0x00000000e8a80000,0x00000000e8a80000,0x00000000e9500000)
 ParOldGen       total 175104K, used 32K [0x00000000a0000000, 0x00000000aab00000, 0x00000000e0000000)
  object space 175104K, 0% used [0x00000000a0000000,0x00000000a0008000,0x00000000aab00000)
 Metaspace       used 20840K, capacity 21232K, committed 21248K, reserved 1067008K
  class space    used 2911K, capacity 3070K, committed 3072K, reserved 1048576K
Event: 2.568 GC heap after
Heap after GC invocations=4 (full 1):
 PSYoungGen      total 76288K, used 0K [0x00000000e0000000, 0x00000000e9500000, 0x0000000100000000)
  eden space 65536K, 0% used [0x00000000e0000000,0x00000000e0000000,0x00000000e4000000)
  from space 10752K, 0% used [0x00000000e4000000,0x00000000e4000000,0x00000000e4a80000)
  to   space 10752K, 0% used [0x00000000e8a80000,0x00000000e8a80000,0x00000000e9500000)
 ParOldGen       total 110080K, used 8613K [0x00000000a0000000, 0x00000000a6b80000, 0x00000000e0000000)
  object space 110080K, 7% used [0x00000000a0000000,0x00000000a0869630,0x00000000a6b80000)
 Metaspace       used 20840K, capacity 21232K, committed 21248K, reserved 1067008K
  class space    used 2911K, capacity 3070K, committed 3072K, reserved 1048576K
}
Event: 3.243 GC heap before
{Heap before GC invocations=5 (full 1):
 PSYoungGen      total 76288K, used 65536K [0x00000000e0000000, 0x00000000e9500000, 0x0000000100000000)
  eden space 65536K, 100% used [0x00000000e0000000,0x00000000e4000000,0x00000000e4000000)
  from space 10752K, 0% used [0x00000000e4000000,0x00000000e4000000,0x00000000e4a80000)
  to   space 10752K, 0% used [0x00000000e8a80000,0x00000000e8a80000,0x00000000e9500000)
 ParOldGen       total 110080K, used 8613K [0x00000000a0000000, 0x00000000a6b80000, 0x00000000e0000000)
  object space 110080K, 7% used [0x00000000a0000000,0x00000000a0869630,0x00000000a6b80000)
 Metaspace       used 26526K, capacity 27120K, committed 27136K, reserved 1073152K
  class space    used 3666K, capacity 3829K, committed 3840K, reserved 1048576K
Event: 3.249 GC heap after
Heap after GC invocations=5 (full 1):
 PSYoungGen      total 101376K, used 7018K [0x00000000e0000000, 0x00000000e9180000, 0x0000000100000000)
  eden space 94208K, 0% used [0x00000000e0000000,0x00000000e0000000,0x00000000e5c00000)
  from space 7168K, 97% used [0x00000000e8a80000,0x00000000e915aa88,0x00000000e9180000)
  to   space 10752K, 0% used [0x00000000e7c80000,0x00000000e7c80000,0x00000000e8700000)
 ParOldGen       total 110080K, used 8621K [0x00000000a0000000, 0x00000000a6b80000, 0x00000000e0000000)
  object space 110080K, 7% used [0x00000000a0000000,0x00000000a086b630,0x00000000a6b80000)
 Metaspace       used 26526K, capacity 27120K, committed 27136K, reserved 1073152K
  class space    used 3666K, capacity 3829K, committed 3840K, reserved 1048576K
}
Event: 6.210 GC heap before
{Heap before GC invocations=6 (full 1):
 PSYoungGen      total 101376K, used 101226K [0x00000000e0000000, 0x00000000e9180000, 0x0000000100000000)
  eden space 94208K, 100% used [0x00000000e0000000,0x00000000e5c00000,0x00000000e5c00000)
  from space 7168K, 97% used [0x00000000e8a80000,0x00000000e915aa88,0x00000000e9180000)
  to   space 10752K, 0% used [0x00000000e7c80000,0x00000000e7c80000,0x00000000e8700000)
 ParOldGen       total 110080K, used 8621K [0x00000000a0000000, 0x00000000a6b80000, 0x00000000e0000000)
  object space 110080K, 7% used [0x00000000a0000000,0x00000000a086b630,0x00000000a6b80000)
 Metaspace       used 33828K, capacity 34428K, committed 34688K, reserved 1079296K
  class space    used 4709K, capacity 4927K, committed 4992K, reserved 1048576K
Event: 6.219 GC heap after
Heap after GC invocations=6 (full 1):
 PSYoungGen      total 138240K, used 10737K [0x00000000e0000000, 0x00000000e9a00000, 0x0000000100000000)
  eden space 127488K, 0% used [0x00000000e0000000,0x00000000e0000000,0x00000000e7c80000)
  from space 10752K, 99% used [0x00000000e7c80000,0x00000000e86fc618,0x00000000e8700000)
  to   space 13312K, 0% used [0x00000000e8d00000,0x00000000e8d00000,0x00000000e9a00000)
 ParOldGen       total 110080K, used 10623K [0x00000000a0000000, 0x00000000a6b80000, 0x00000000e0000000)
  object space 110080K, 9% used [0x00000000a0000000,0x00000000a0a5fd28,0x00000000a6b80000)
 Metaspace       used 33828K, capacity 34428K, committed 34688K, reserved 1079296K
  class space    used 4709K, capacity 4927K, committed 4992K, reserved 1048576K
}
Event: 6.300 GC heap before
{Heap before GC invocations=7 (full 1):
 PSYoungGen      total 138240K, used 17179K [0x00000000e0000000, 0x00000000e9a00000, 0x0000000100000000)
  eden space 127488K, 5% used [0x00000000e0000000,0x00000000e064a938,0x00000000e7c80000)
  from space 10752K, 99% used [0x00000000e7c80000,0x00000000e86fc618,0x00000000e8700000)
  to   space 13312K, 0% used [0x00000000e8d00000,0x00000000e8d00000,0x00000000e9a00000)
 ParOldGen       total 110080K, used 10623K [0x00000000a0000000, 0x00000000a6b80000, 0x00000000e0000000)
  object space 110080K, 9% used [0x00000000a0000000,0x00000000a0a5fd28,0x00000000a6b80000)
 Metaspace       used 34686K, capacity 35252K, committed 35416K, reserved 1079296K
  class space    used 4785K, capacity 4969K, committed 4992K, reserved 1048576K
Event: 6.305 GC heap after
Heap after GC invocations=7 (full 1):
 PSYoungGen      total 144384K, used 8127K [0x00000000e0000000, 0x00000000ee100000, 0x0000000100000000)
  eden space 131072K, 0% used [0x00000000e0000000,0x00000000e0000000,0x00000000e8000000)
  from space 13312K, 61% used [0x00000000e8d00000,0x00000000e94effa0,0x00000000e9a00000)
  to   space 13312K, 0% used [0x00000000e8000000,0x00000000e8000000,0x00000000e8d00000)
 ParOldGen       total 110080K, used 10623K [0x00000000a0000000, 0x00000000a6b80000, 0x00000000e0000000)
  object space 110080K, 9% used [0x00000000a0000000,0x00000000a0a5fd28,0x00000000a6b80000)
 Metaspace       used 34686K, capacity 35252K, committed 35416K, reserved 1079296K
  class space    used 4785K, capacity 4969K, committed 4992K, reserved 1048576K
}
Event: 6.305 GC heap before
{Heap before GC invocations=8 (full 2):
 PSYoungGen      total 144384K, used 8127K [0x00000000e0000000, 0x00000000ee100000, 0x0000000100000000)
  eden space 131072K, 0% used [0x00000000e0000000,0x00000000e0000000,0x00000000e8000000)
  from space 13312K, 61% used [0x00000000e8d00000,0x00000000e94effa0,0x00000000e9a00000)
  to   space 13312K, 0% used [0x00000000e8000000,0x00000000e8000000,0x00000000e8d00000)
 ParOldGen       total 110080K, used 10623K [0x00000000a0000000, 0x00000000a6b80000, 0x00000000e0000000)
  object space 110080K, 9% used [0x00000000a0000000,0x00000000a0a5fd28,0x00000000a6b80000)
 Metaspace       used 34686K, capacity 35252K, committed 35416K, reserved 1079296K
  class space    used 4785K, capacity 4969K, committed 4992K, reserved 1048576K
Event: 6.340 GC heap after
Heap after GC invocations=8 (full 2):
 PSYoungGen      total 144384K, used 0K [0x00000000e0000000, 0x00000000ee100000, 0x0000000100000000)
  eden space 131072K, 0% used [0x00000000e0000000,0x00000000e0000000,0x00000000e8000000)
  from space 13312K, 0% used [0x00000000e8d00000,0x00000000e8d00000,0x00000000e9a00000)
  to   space 13312K, 0% used [0x00000000e8000000,0x00000000e8000000,0x00000000e8d00000)
 ParOldGen       total 110080K, used 14890K [0x00000000a0000000, 0x00000000a6b80000, 0x00000000e0000000)
  object space 110080K, 13% used [0x00000000a0000000,0x00000000a0e8aa40,0x00000000a6b80000)
 Metaspace       used 34686K, capacity 35252K, committed 35416K, reserved 1079296K
  class space    used 4785K, capacity 4969K, committed 4992K, reserved 1048576K
}

